\BOOKMARK [1][-]{section.1}{Introduction}{}% 1
\BOOKMARK [2][-]{subsection.1.1}{Preliminary definitions}{section.1}% 2
\BOOKMARK [2][-]{subsection.1.2}{What is a group?}{section.1}% 3
\BOOKMARK [2][-]{subsection.1.3}{The group Z/nZ}{section.1}% 4
\BOOKMARK [3][-]{subsubsection.1.3.1}{The multiplicative group \(Z/nZ\)}{subsection.1.3}% 5
\BOOKMARK [3][-]{subsubsection.1.3.2}{Applications of arithmetic in Z/nZ}{subsection.1.3}% 6
\BOOKMARK [2][-]{subsection.1.4}{Some general theorems about groups}{section.1}% 7
\BOOKMARK [2][-]{subsection.1.5}{The order of a group}{section.1}% 8
\BOOKMARK [2][-]{subsection.1.6}{A brief interlude on functions}{section.1}% 9
\BOOKMARK [1][-]{section.2}{Some important groups}{}% 10
\BOOKMARK [2][-]{subsection.2.1}{Dihedral groups}{section.2}% 11
\BOOKMARK [3][-]{subsubsection.2.1.1}{Explicit description of D2n}{subsection.2.1}% 12
\BOOKMARK [2][-]{subsection.2.2}{Symmetric groups}{section.2}% 13
\BOOKMARK [3][-]{subsubsection.2.2.1}{Cycle notation for permutations}{subsection.2.2}% 14
\BOOKMARK [2][-]{subsection.2.3}{Homomorphisms and isomorphisms}{section.2}% 15
\BOOKMARK [3][-]{subsubsection.2.3.1}{Motivation}{subsection.2.3}% 16
\BOOKMARK [3][-]{subsubsection.2.3.2}{Formal definitions and theorems}{subsection.2.3}% 17
\BOOKMARK [3][-]{subsubsection.2.3.3}{Homomorphisms of Z}{subsection.2.3}% 18
\BOOKMARK [2][-]{subsection.2.4}{Subgroups}{section.2}% 19
\BOOKMARK [2][-]{subsection.2.5}{Generators}{section.2}% 20
\BOOKMARK [3][-]{subsubsection.2.5.1}{Properties of Z}{subsection.2.5}% 21
\BOOKMARK [3][-]{subsubsection.2.5.2}{Cyclic groups}{subsection.2.5}% 22
